TN:
SF:src/main/ts/core.ts
FN:88,<instance_members_initializer>
FN:92,toBuffer
FN:105,toArray
FN:109,toString
FN:141,toLong
FN:146,get range
FN:153,create
FN:159,from
FN:168,mask
FN:199,subnet
FN:226,contains
FN:233,cidr
FN:237,cidrSubnet
FN:241,not
FN:248,or
FN:267,isEqual
FN:285,<static_initializer>
FN:285,fromPrefixLen
FN:302,fromNumber
FN:309,fromLong
FN:315,fromBuffer
FN:330,fromString
FN:340,fromIPv6
FN:395,fromIPv4
FN:401,parseCidr
FN:413,normalizeFamily
FN:420,normalizeToLong
FN:456,isSpecial
FN:465,isPrivate
FN:469,isPublic
FN:474,isDec
FN:481,isIPv4Candidate
FN:487,ipv6fySubnet
FN:518,fromPrefixLen
FN:528,subnet
FN:532,cidrSubnet
FN:537,toBuffer
FN:541,toString
FN:552,toLong
FN:556,fromLong
FN:560,isV4Format
FN:564,isV6Format
FN:576,isIP
FN:578,isLoopback
FN:582,loopback
FNF:45
FNH:44
FNDA:0,<instance_members_initializer>
FNDA:24,toBuffer
FNDA:5,toArray
FNDA:1136,toString
FNDA:11,toLong
FNDA:4,get range
FNDA:4013,create
FNDA:2722,from
FNDA:17,mask
FNDA:211,subnet
FNDA:1839,contains
FNDA:19,cidr
FNDA:206,cidrSubnet
FNDA:20,not
FNDA:18,or
FNDA:24,isEqual
FNDA:4,<static_initializer>
FNDA:219,fromPrefixLen
FNDA:1464,fromNumber
FNDA:323,fromLong
FNDA:11,fromBuffer
FNDA:686,fromString
FNDA:327,fromIPv6
FNDA:330,fromIPv4
FNDA:231,parseCidr
FNDA:1402,normalizeFamily
FNDA:443,normalizeToLong
FNDA:213,isSpecial
FNDA:136,isPrivate
FNDA:65,isPublic
FNDA:1957,isDec
FNDA:472,isIPv4Candidate
FNDA:124,ipv6fySubnet
FNDA:3,fromPrefixLen
FNDA:4,subnet
FNDA:2,cidrSubnet
FNDA:12,toBuffer
FNDA:2,toString
FNDA:8,toLong
FNDA:2,fromLong
FNDA:16,isV4Format
FNDA:16,isV6Format
FNDA:3,isIP
FNDA:25,isLoopback
FNDA:1,loopback
DA:1,1
DA:5,1
DA:6,1
DA:7,1
DA:8,1
DA:9,1
DA:10,1
DA:11,1
DA:13,1
DA:14,1
DA:15,1
DA:19,1
DA:20,1
DA:21,1
DA:22,1
DA:23,1
DA:24,1
DA:25,1
DA:26,1
DA:27,1
DA:28,1
DA:29,1
DA:30,1
DA:31,1
DA:32,1
DA:33,1
DA:34,1
DA:35,1
DA:36,1
DA:37,1
DA:38,1
DA:39,1
DA:40,1
DA:41,1
DA:42,1
DA:43,1
DA:44,1
DA:45,1
DA:46,1
DA:47,1
DA:48,1
DA:49,1
DA:50,1
DA:51,1
DA:52,1
DA:53,1
DA:54,1
DA:55,1
DA:56,1
DA:57,1
DA:58,1
DA:59,1
DA:60,1
DA:61,1
DA:62,1
DA:63,1
DA:64,1
DA:65,1
DA:66,1
DA:87,1
DA:88,1
DA:89,0
DA:90,0
DA:92,1
DA:93,24
DA:94,24
DA:95,24
DA:97,24
DA:99,24
DA:100,252
DA:101,252
DA:102,24
DA:103,24
DA:105,1
DA:106,5
DA:107,5
DA:109,1
DA:110,1136
DA:111,1136
DA:112,1136
DA:114,1136
DA:115,436
DA:116,435
DA:117,1740
DA:118,435
DA:119,435
DA:122,1136
DA:123,1
DA:124,1
DA:125,1
DA:126,1
DA:127,1
DA:128,1
DA:129,1
DA:130,1
DA:133,699
DA:134,5592
DA:135,699
DA:136,699
DA:137,699
DA:138,699
DA:139,1136
DA:141,1
DA:142,11
DA:143,10
DA:144,11
DA:146,1
DA:147,4
DA:148,79
DA:149,79
DA:150,79
DA:151,4
DA:153,1
DA:154,4013
DA:155,4013
DA:156,4013
DA:157,4013
DA:159,1
DA:160,2722
DA:161,2474
DA:162,2722
DA:163,2722
DA:165,0
DA:166,2722
DA:168,1
DA:169,17
DA:170,17
DA:173,17
DA:174,10
DA:175,10
DA:176,10
DA:177,10
DA:178,10
DA:181,17
DA:182,2
DA:183,2
DA:184,2
DA:185,2
DA:186,2
DA:189,17
DA:190,4
DA:191,4
DA:192,4
DA:193,4
DA:194,4
DA:196,0
DA:197,17
DA:199,1
DA:200,211
DA:201,211
DA:202,211
DA:204,211
DA:205,211
DA:206,211
DA:207,211
DA:208,211
DA:210,211
DA:211,211
DA:212,211
DA:213,211
DA:214,211
DA:216,211
DA:217,211
DA:218,211
DA:219,211
DA:220,211
DA:221,211
DA:222,211
DA:223,211
DA:224,211
DA:225,211
DA:226,211
DA:227,1839
DA:228,1839
DA:229,1839
DA:230,211
DA:231,211
DA:233,1
DA:234,19
DA:235,19
DA:237,1
DA:238,206
DA:239,206
DA:241,1
DA:242,20
DA:243,20
DA:244,20
DA:245,20
DA:246,20
DA:248,1
DA:249,18
DA:250,18
DA:253,18
DA:254,14
DA:255,14
DA:256,14
DA:257,14
DA:260,18
DA:261,18
DA:263,18
DA:264,18
DA:265,18
DA:267,1
DA:268,24
DA:269,24
DA:272,24
DA:275,24
DA:276,24
DA:279,24
DA:282,11
DA:283,24
DA:285,1
DA:286,219
DA:288,218
DA:289,219
DA:290,219
DA:292,219
DA:293,219
DA:295,214
DA:296,0
DA:297,214
DA:299,219
DA:300,219
DA:302,4
DA:303,1464
DA:304,1464
DA:305,1464
DA:306,1464
DA:307,1464
DA:309,4
DA:310,323
DA:311,323
DA:312,321
DA:313,323
DA:315,4
DA:316,11
DA:317,11
DA:319,10
DA:320,11
DA:321,52
DA:322,52
DA:323,51
DA:324,51
DA:326,11
DA:327,11
DA:328,11
DA:330,4
DA:331,686
DA:332,686
DA:333,686
DA:335,657
DA:336,327
DA:337,330
DA:338,686
DA:340,4
DA:341,327
DA:342,327
DA:343,327
DA:344,327
DA:345,327
DA:347,327
DA:349,321
DA:350,321
DA:352,327
DA:353,1299
DA:354,1299
DA:355,1299
DA:356,1299
DA:358,1299
DA:359,553
DA:360,553
DA:361,549
DA:362,1299
DA:364,116
DA:365,116
DA:366,115
DA:367,115
DA:368,115
DA:369,114
DA:370,116
DA:372,112
DA:373,116
DA:374,108
DA:375,746
DA:376,630
DA:377,625
DA:378,625
DA:380,1174
DA:381,978
DA:382,978
DA:383,196
DA:384,327
DA:386,190
DA:387,327
DA:388,1520
DA:389,1520
DA:390,1520
DA:391,1520
DA:392,190
DA:393,327
DA:395,4
DA:396,330
DA:397,172
DA:398,2
DA:399,330
DA:401,4
DA:402,231
DA:403,231
DA:404,231
DA:405,231
DA:406,231
DA:408,219
DA:409,219
DA:410,219
DA:411,231
DA:413,1
DA:414,1402
DA:415,1402
DA:416,1402
DA:417,1
DA:418,1402
DA:420,1
DA:421,443
DA:422,443
DA:423,443
DA:425,443
DA:426,1737
DA:427,1736
DA:428,1737
DA:430,1737
DA:431,1737
DA:432,10
DA:433,10
DA:434,10
DA:435,10
DA:436,9
DA:437,9
DA:439,1737
DA:440,441
DA:441,440
DA:442,440
DA:443,1294
DA:444,1294
DA:446,440
DA:447,440
DA:448,443
DA:449,443
DA:450,443
DA:451,443
DA:452,443
DA:453,443
DA:454,443
DA:456,1
DA:457,213
DA:458,213
DA:459,3838
DA:460,3838
DA:461,3838
DA:462,35
DA:463,213
DA:465,1
DA:466,136
DA:467,136
DA:469,1
DA:470,65
DA:471,65
DA:472,1
DA:474,1
DA:475,1957
DA:476,1957
DA:477,1957
DA:478,1342
DA:479,1342
DA:481,1
DA:482,472
DA:483,472
DA:484,472
DA:485,472
DA:487,1
DA:488,124
DA:490,64
DA:491,64
DA:492,64
DA:493,64
DA:495,1
DA:496,1
DA:497,28
DA:498,124
DA:499,188
DA:500,188
DA:501,188
DA:502,124
DA:503,28
DA:509,1
DA:510,1
DA:511,1
DA:512,1
DA:513,1
DA:514,1
DA:515,1
DA:516,1
DA:518,1
DA:519,3
DA:520,3
DA:528,1
DA:529,4
DA:530,4
DA:531,4
DA:532,1
DA:533,2
DA:534,2
DA:535,2
DA:537,1
DA:538,12
DA:539,12
DA:541,1
DA:542,2
DA:544,1
DA:545,1
DA:546,2
DA:547,2
DA:549,2
DA:550,2
DA:552,1
DA:553,8
DA:554,8
DA:556,1
DA:557,2
DA:558,2
DA:560,1
DA:561,16
DA:562,16
DA:564,1
DA:565,16
DA:567,13
DA:568,13
DA:569,16
DA:570,5
DA:571,5
DA:572,16
DA:574,1
DA:575,1
DA:576,1
DA:578,1
DA:579,25
DA:580,25
DA:582,1
DA:583,1
DA:584,1
DA:585,1
LF:450
LH:445
BRDA:496,0,0,28
BRDA:497,1,0,124
BRDA:498,2,0,188
BRDA:92,3,0,24
BRDA:94,4,0,11
BRDA:94,5,0,13
BRDA:95,6,0,23
BRDA:97,7,0,0
BRDA:99,8,0,252
BRDA:105,9,0,5
BRDA:109,10,0,1136
BRDA:111,11,0,700
BRDA:114,12,0,436
BRDA:115,13,0,1
BRDA:115,14,0,435
BRDA:119,15,0,700
BRDA:122,16,0,1
BRDA:122,17,0,1
BRDA:130,18,0,699
BRDA:116,19,0,1740
BRDA:133,20,0,5592
BRDA:141,21,0,11
BRDA:142,22,0,1
BRDA:142,23,0,10
BRDA:146,24,0,4
BRDA:147,25,0,79
BRDA:149,26,0,4
BRDA:150,27,0,0
BRDA:153,28,0,4013
BRDA:159,29,0,2722
BRDA:160,30,0,2229
BRDA:160,31,0,2628
BRDA:160,32,0,2474
BRDA:160,33,0,493
BRDA:161,34,0,467
BRDA:161,35,0,2459
BRDA:161,36,0,26
BRDA:162,37,0,15
BRDA:162,38,0,2459
BRDA:162,39,0,15
BRDA:162,40,0,11
BRDA:163,41,0,11
BRDA:163,42,0,2459
BRDA:163,43,0,11
BRDA:163,44,0,0
BRDA:168,45,0,17
BRDA:173,46,0,10
BRDA:174,47,0,6
BRDA:174,48,0,4
BRDA:178,49,0,6
BRDA:181,50,0,2
BRDA:181,51,0,2
BRDA:186,52,0,4
BRDA:189,53,0,4
BRDA:194,54,0,0
BRDA:199,55,0,211
BRDA:202,56,0,80
BRDA:202,57,0,131
BRDA:211,58,0,20
BRDA:211,59,0,191
BRDA:212,60,0,20
BRDA:212,61,0,191
BRDA:213,62,0,20
BRDA:213,63,0,191
BRDA:226,64,0,1839
BRDA:228,65,0,1283
BRDA:233,66,0,19
BRDA:237,67,0,206
BRDA:241,68,0,20
BRDA:243,69,0,10
BRDA:243,70,0,10
BRDA:248,71,0,18
BRDA:253,72,0,14
BRDA:254,73,0,6
BRDA:254,74,0,8
BRDA:257,75,0,4
BRDA:260,76,0,0
BRDA:260,77,0,4
BRDA:261,78,0,4
BRDA:261,79,0,0
BRDA:267,80,0,24
BRDA:272,81,0,9
BRDA:272,82,0,15
BRDA:275,83,0,10
BRDA:275,84,0,5
BRDA:276,85,0,5
BRDA:276,86,0,10
BRDA:279,87,0,4
BRDA:279,88,0,11
BRDA:285,89,0,4
BRDA:285,90,0,219
BRDA:286,91,0,214
BRDA:286,92,0,1
BRDA:286,93,0,218
BRDA:289,94,0,4
BRDA:289,95,0,2
BRDA:289,96,0,2
BRDA:290,97,0,138
BRDA:290,98,0,80
BRDA:292,99,0,218
BRDA:293,100,0,4
BRDA:293,101,0,214
BRDA:295,102,0,0
BRDA:296,103,0,214
BRDA:302,104,0,1464
BRDA:304,105,0,1461
BRDA:304,106,0,4
BRDA:304,107,0,1460
BRDA:305,108,0,644
BRDA:305,109,0,816
BRDA:305,110,0,415
BRDA:309,111,0,323
BRDA:311,112,0,0
BRDA:311,113,0,321
BRDA:315,114,0,11
BRDA:316,115,0,2
BRDA:317,116,0,1
BRDA:317,117,0,10
BRDA:320,118,0,52
BRDA:321,119,0,51
BRDA:322,120,0,1
BRDA:322,121,0,51
BRDA:324,122,0,9
BRDA:326,123,0,8
BRDA:326,124,0,1
BRDA:330,125,0,686
BRDA:331,126,0,3
BRDA:331,127,0,683
BRDA:332,128,0,22
BRDA:332,129,0,661
BRDA:333,130,0,4
BRDA:333,131,0,657
BRDA:335,132,0,327
BRDA:336,133,0,330
BRDA:340,134,0,327
BRDA:345,135,0,307
BRDA:347,136,0,6
BRDA:347,137,0,321
BRDA:352,138,0,1299
BRDA:355,139,0,316
BRDA:355,140,0,983
BRDA:358,141,0,553
BRDA:359,142,0,550
BRDA:359,143,0,361
BRDA:360,144,0,4
BRDA:360,145,0,549
BRDA:362,146,0,746
BRDA:362,147,0,252
BRDA:362,148,0,116
BRDA:365,149,0,115
BRDA:366,150,0,115
BRDA:367,151,0,3
BRDA:367,152,0,115
BRDA:368,153,0,114
BRDA:370,154,0,4
BRDA:370,155,0,112
BRDA:373,156,0,4
BRDA:373,157,0,108
BRDA:375,158,0,630
BRDA:376,159,0,627
BRDA:376,160,0,5
BRDA:376,161,0,625
BRDA:378,162,0,1174
BRDA:380,163,0,196
BRDA:380,164,0,978
BRDA:382,165,0,196
BRDA:384,166,0,12
BRDA:384,167,0,184
BRDA:384,168,0,6
BRDA:384,169,0,190
BRDA:387,170,0,1520
BRDA:388,171,0,161
BRDA:388,172,0,1359
BRDA:388,173,0,1092
BRDA:388,174,0,267
BRDA:389,175,0,1092
BRDA:389,176,0,428
BRDA:391,177,0,190
BRDA:369,178,0,14
BRDA:395,179,0,330
BRDA:396,180,0,323
BRDA:396,181,0,286
BRDA:396,182,0,172
BRDA:396,183,0,7
BRDA:397,184,0,5
BRDA:397,185,0,2
BRDA:401,186,0,231
BRDA:402,187,0,0
BRDA:405,188,0,223
BRDA:405,189,0,11
BRDA:405,190,0,220
BRDA:406,191,0,149
BRDA:406,192,0,1
BRDA:406,193,0,219
BRDA:413,194,0,1402
BRDA:415,195,0,880
BRDA:415,196,0,544
BRDA:415,197,0,858
BRDA:416,198,0,18
BRDA:416,199,0,857
BRDA:416,200,0,1
BRDA:420,201,0,443
BRDA:421,202,0,0
BRDA:425,203,0,1737
BRDA:426,204,0,1
BRDA:426,205,0,1736
BRDA:428,206,0,441
BRDA:428,207,0,1295
BRDA:431,208,0,1726
BRDA:431,209,0,10
BRDA:433,210,0,1
BRDA:433,211,0,9
BRDA:434,212,0,6
BRDA:434,213,0,3
BRDA:434,214,0,0
BRDA:435,215,0,0
BRDA:435,216,0,9
BRDA:437,217,0,1735
BRDA:439,218,0,441
BRDA:440,219,0,422
BRDA:440,220,0,1
BRDA:440,221,0,440
BRDA:442,222,0,1294
BRDA:444,223,0,440
BRDA:448,224,0,2
BRDA:449,225,0,12
BRDA:449,226,0,0
BRDA:450,227,0,3
BRDA:450,228,0,0
BRDA:451,229,0,423
BRDA:451,230,0,419
BRDA:451,231,0,4
BRDA:452,232,0,0
BRDA:456,233,0,213
BRDA:458,234,0,3838
BRDA:460,235,0,177
BRDA:460,236,0,149
BRDA:460,237,0,138
BRDA:461,238,0,35
BRDA:465,239,0,136
BRDA:469,240,0,65
BRDA:474,241,0,1957
BRDA:475,242,0,602
BRDA:475,243,0,1355
BRDA:476,244,0,10
BRDA:476,245,0,1345
BRDA:477,246,0,3072
BRDA:477,247,0,3
BRDA:477,248,0,1342
BRDA:481,249,0,472
BRDA:483,250,0,5306
BRDA:483,251,0,1393
BRDA:483,252,0,0
BRDA:487,253,0,124
BRDA:488,254,0,60
BRDA:488,255,0,64
BRDA:500,256,0,3917
BRDA:500,257,0,1816
BRDA:500,258,0,181
BRDA:500,259,0,3736
BRDA:518,260,0,3
BRDA:528,261,0,4
BRDA:530,262,0,1
BRDA:530,263,0,3
BRDA:532,264,0,2
BRDA:534,265,0,0
BRDA:534,266,0,1
BRDA:537,267,0,12
BRDA:541,268,0,2
BRDA:542,269,0,1
BRDA:546,270,0,0
BRDA:546,271,0,1
BRDA:552,272,0,8
BRDA:556,273,0,2
BRDA:560,274,0,16
BRDA:561,275,0,15
BRDA:564,276,0,16
BRDA:565,277,0,3
BRDA:565,278,0,13
BRDA:569,279,0,5
BRDA:576,280,0,3
BRDA:576,281,0,1
BRDA:576,282,0,2
BRDA:576,283,0,1
BRDA:576,284,0,1
BRDA:578,285,0,25
BRDA:582,286,0,1
BRDA:584,287,0,0
BRF:288
BRH:269
end_of_record
TN:
SF:src/main/ts/index.ts
FNF:0
FNH:0
DA:1,1
DA:2,1
DA:4,1
DA:5,1
DA:28,1
DA:29,1
LF:6
LH:6
BRF:0
BRH:0
end_of_record
TN:
SF:src/main/ts/native.ts
FN:16,addresses
FN:22,check
FN:45,address
FNF:3
FNH:3
FNDA:11,addresses
FNDA:2,check
FNDA:9,address
DA:1,1
DA:2,1
DA:4,1
DA:12,1
DA:13,1
DA:15,1
DA:16,1
DA:17,11
DA:18,11
DA:19,11
DA:20,11
DA:21,11
DA:22,8
DA:25,11
DA:26,6
DA:27,6
DA:28,6
DA:29,6
DA:30,6
DA:33,5
DA:34,10
DA:35,20
DA:36,10
DA:37,4
DA:38,20
DA:39,10
DA:40,5
DA:42,11
DA:43,11
DA:45,1
DA:46,9
LF:31
LH:31
BRDA:16,0,0,11
BRDA:20,1,0,0
BRDA:21,2,0,3
BRDA:21,3,0,8
BRDA:25,4,0,9
BRDA:25,5,0,6
BRDA:25,6,0,6
BRDA:27,7,0,0
BRDA:30,8,0,5
BRDA:42,9,0,4
BRDA:42,10,0,1
BRDA:22,11,0,2
BRDA:28,12,0,8
BRDA:33,13,0,10
BRDA:34,14,0,0
BRDA:34,15,0,20
BRDA:35,16,0,10
BRDA:36,17,0,6
BRDA:36,18,0,4
BRDA:45,19,0,9
BRF:20
BRH:17
end_of_record
TN:
SF:src/main/ts/polyfill.ts
FN:11,alloc
FN:22,slice
FN:30,toString
FN:42,getGlobal
FNF:4
FNH:4
FNDA:2,alloc
FNDA:1,slice
FNDA:3,toString
FNDA:5,getGlobal
DA:10,1
DA:11,1
DA:12,2
DA:13,2
DA:15,1
DA:16,1
DA:17,1
DA:19,1
DA:21,1
DA:22,1
DA:23,1
DA:25,1
DA:26,1
DA:27,1
DA:28,1
DA:29,1
DA:30,1
DA:31,3
DA:32,3
DA:34,2
DA:35,2
DA:36,2
DA:37,3
DA:38,1
DA:39,2
DA:40,1
DA:42,1
DA:43,5
DA:44,0
DA:45,0
DA:46,0
DA:47,0
DA:49,1
LF:33
LH:29
BRDA:49,0,0,0
BRDA:11,1,0,2
BRDA:13,2,0,1
BRDA:22,3,0,1
BRDA:30,4,0,3
BRDA:32,5,0,1
BRDA:32,6,0,2
BRDA:35,7,0,6
BRDA:42,8,0,5
BRDA:43,9,0,0
BRF:10
BRH:8
end_of_record
