TN:
SF:src/main/ts/core.ts
FN:89,<instance_members_initializer>
FN:93,toBuffer
FN:106,toArray
FN:110,toString
FN:142,toLong
FN:147,get range
FN:154,create
FN:160,<static_initializer>
FN:162,from
FN:171,mask
FN:202,subnet
FN:229,contains
FN:236,cidr
FN:240,cidrSubnet
FN:244,not
FN:251,or
FN:270,isEqual
FN:288,fromPrefixLen
FN:305,fromNumber
FN:312,fromLong
FN:318,fromBuffer
FN:333,fromString
FN:343,fromIPv6
FN:399,fromIPv4
FN:405,parseCidr
FN:417,normalizeFamily
FN:424,normalizeToLong
FN:460,isSpecial
FN:469,isPrivate
FN:473,isPublic
FN:478,isDec
FN:485,isIPv4Candidate
FN:491,ipv6fySubnet
FN:522,fromPrefixLen
FN:532,subnet
FN:536,cidrSubnet
FN:541,toBuffer
FN:545,toString
FN:556,toLong
FN:560,fromLong
FN:564,isV4Format
FN:568,isV6Format
FN:580,isIP
FN:582,isLoopback
FN:586,loopback
FNF:45
FNH:44
FNDA:0,<instance_members_initializer>
FNDA:24,toBuffer
FNDA:5,toArray
FNDA:1371,toString
FNDA:11,toLong
FNDA:4,get range
FNDA:4563,create
FNDA:5,<static_initializer>
FNDA:3299,from
FNDA:17,mask
FNDA:258,subnet
FNDA:1839,contains
FNDA:19,cidr
FNDA:253,cidrSubnet
FNDA:20,not
FNDA:18,or
FNDA:24,isEqual
FNDA:266,fromPrefixLen
FNDA:1715,fromNumber
FNDA:339,fromLong
FNDA:11,fromBuffer
FNDA:1216,fromString
FNDA:839,fromIPv6
FNDA:346,fromIPv4
FNDA:278,parseCidr
FNDA:1684,normalizeFamily
FNDA:591,normalizeToLong
FNDA:213,isSpecial
FNDA:136,isPrivate
FNDA:65,isPublic
FNDA:2553,isDec
FNDA:520,isIPv4Candidate
FNDA:155,ipv6fySubnet
FNDA:3,fromPrefixLen
FNDA:4,subnet
FNDA:2,cidrSubnet
FNDA:12,toBuffer
FNDA:2,toString
FNDA:8,toLong
FNDA:2,fromLong
FNDA:16,isV4Format
FNDA:505,isV6Format
FNDA:3,isIP
FNDA:25,isLoopback
FNDA:1,loopback
DA:1,1
DA:5,1
DA:6,1
DA:7,1
DA:8,1
DA:9,1
DA:10,1
DA:11,1
DA:13,1
DA:14,1
DA:15,1
DA:19,1
DA:20,1
DA:21,1
DA:22,1
DA:23,1
DA:24,1
DA:25,1
DA:26,1
DA:27,1
DA:28,1
DA:29,1
DA:30,1
DA:31,1
DA:32,1
DA:33,1
DA:34,1
DA:35,1
DA:36,1
DA:37,1
DA:38,1
DA:39,1
DA:40,1
DA:41,1
DA:42,1
DA:43,1
DA:44,1
DA:45,1
DA:46,1
DA:47,1
DA:48,1
DA:49,1
DA:50,1
DA:51,1
DA:52,1
DA:53,1
DA:54,1
DA:55,1
DA:56,1
DA:57,1
DA:58,1
DA:59,1
DA:60,1
DA:61,1
DA:62,1
DA:63,1
DA:64,1
DA:65,1
DA:66,1
DA:88,1
DA:89,1
DA:90,0
DA:91,0
DA:93,1
DA:94,24
DA:95,24
DA:96,24
DA:98,24
DA:100,24
DA:101,252
DA:102,252
DA:103,24
DA:104,24
DA:106,1
DA:107,5
DA:108,5
DA:110,1
DA:111,1371
DA:112,1371
DA:113,1371
DA:115,1371
DA:116,516
DA:117,515
DA:118,2060
DA:119,515
DA:120,515
DA:123,1371
DA:124,1
DA:125,1
DA:126,1
DA:127,1
DA:128,1
DA:129,1
DA:130,1
DA:131,1
DA:134,854
DA:135,6832
DA:136,854
DA:137,854
DA:138,854
DA:139,854
DA:140,1371
DA:142,1
DA:143,11
DA:144,10
DA:145,11
DA:147,1
DA:148,4
DA:149,79
DA:150,79
DA:151,79
DA:152,4
DA:154,1
DA:155,4563
DA:156,4563
DA:157,4563
DA:158,4563
DA:160,1
DA:162,5
DA:163,3299
DA:164,2957
DA:165,3299
DA:166,3299
DA:168,0
DA:169,3299
DA:171,5
DA:172,17
DA:173,17
DA:176,17
DA:177,10
DA:178,10
DA:179,10
DA:180,10
DA:181,10
DA:184,17
DA:185,2
DA:186,2
DA:187,2
DA:188,2
DA:189,2
DA:192,17
DA:193,4
DA:194,4
DA:195,4
DA:196,4
DA:197,4
DA:199,0
DA:200,17
DA:202,5
DA:203,258
DA:204,258
DA:205,258
DA:207,258
DA:208,258
DA:209,258
DA:210,258
DA:211,258
DA:213,258
DA:214,258
DA:215,258
DA:216,258
DA:217,258
DA:219,258
DA:220,258
DA:221,258
DA:222,258
DA:223,258
DA:224,258
DA:225,258
DA:226,258
DA:227,258
DA:228,258
DA:229,258
DA:230,1839
DA:231,1839
DA:232,1839
DA:233,258
DA:234,258
DA:236,5
DA:237,19
DA:238,19
DA:240,5
DA:241,253
DA:242,253
DA:244,5
DA:245,20
DA:246,20
DA:247,20
DA:248,20
DA:249,20
DA:251,5
DA:252,18
DA:253,18
DA:256,18
DA:257,14
DA:258,14
DA:259,14
DA:260,14
DA:263,18
DA:264,18
DA:266,18
DA:267,18
DA:268,18
DA:270,5
DA:271,24
DA:272,24
DA:275,24
DA:278,24
DA:279,24
DA:282,24
DA:285,11
DA:286,24
DA:288,5
DA:289,266
DA:291,265
DA:292,266
DA:293,266
DA:295,266
DA:296,266
DA:298,261
DA:299,0
DA:300,261
DA:302,266
DA:303,266
DA:305,5
DA:306,1715
DA:307,1715
DA:308,1715
DA:309,1715
DA:310,1715
DA:312,5
DA:313,339
DA:314,339
DA:315,337
DA:316,339
DA:318,5
DA:319,11
DA:320,11
DA:322,10
DA:323,11
DA:324,52
DA:325,52
DA:326,51
DA:327,51
DA:329,11
DA:330,11
DA:331,11
DA:333,5
DA:334,1216
DA:335,1216
DA:336,1216
DA:338,1185
DA:339,839
DA:340,346
DA:341,1216
DA:343,5
DA:344,839
DA:345,839
DA:346,839
DA:347,839
DA:348,838
DA:350,839
DA:352,756
DA:353,756
DA:355,839
DA:356,3274
DA:357,3274
DA:358,3274
DA:359,3274
DA:361,3274
DA:362,1085
DA:363,1085
DA:364,973
DA:365,3274
DA:366,257
DA:367,257
DA:369,247
DA:370,131
DA:371,131
DA:372,130
DA:374,257
DA:376,244
DA:377,257
DA:378,169
DA:379,2189
DA:380,1932
DA:381,1897
DA:382,1897
DA:384,2870
DA:385,2518
DA:386,2518
DA:387,352
DA:388,839
DA:390,332
DA:391,839
DA:392,2656
DA:393,2656
DA:394,2656
DA:395,2656
DA:396,332
DA:397,839
DA:399,5
DA:400,346
DA:401,172
DA:402,2
DA:403,346
DA:405,5
DA:406,278
DA:407,278
DA:408,278
DA:409,278
DA:410,278
DA:412,266
DA:413,266
DA:414,266
DA:415,278
DA:417,1
DA:418,1684
DA:419,1684
DA:420,1684
DA:421,1
DA:422,1684
DA:424,1
DA:425,591
DA:426,591
DA:427,591
DA:429,591
DA:430,2287
DA:431,2285
DA:432,2287
DA:434,2287
DA:435,2287
DA:436,26
DA:437,26
DA:438,26
DA:439,26
DA:440,9
DA:441,9
DA:443,2287
DA:444,572
DA:445,567
DA:446,567
DA:447,1696
DA:448,1696
DA:450,567
DA:451,567
DA:452,591
DA:453,591
DA:454,591
DA:455,591
DA:456,591
DA:457,591
DA:458,591
DA:460,1
DA:461,213
DA:462,213
DA:463,3838
DA:464,3838
DA:465,3838
DA:466,35
DA:467,213
DA:469,1
DA:470,136
DA:471,136
DA:473,1
DA:474,65
DA:475,65
DA:476,1
DA:478,1
DA:479,2553
DA:480,2553
DA:481,2553
DA:482,1847
DA:483,1847
DA:485,1
DA:486,520
DA:487,520
DA:488,520
DA:489,520
DA:491,1
DA:492,155
DA:494,80
DA:495,80
DA:496,80
DA:497,80
DA:499,1
DA:500,1
DA:501,35
DA:502,155
DA:503,235
DA:504,235
DA:505,235
DA:506,155
DA:507,35
DA:513,1
DA:514,1
DA:515,1
DA:516,1
DA:517,1
DA:518,1
DA:519,1
DA:520,1
DA:522,1
DA:523,3
DA:524,3
DA:532,1
DA:533,4
DA:534,4
DA:535,4
DA:536,1
DA:537,2
DA:538,2
DA:539,2
DA:541,1
DA:542,12
DA:543,12
DA:545,1
DA:546,2
DA:548,1
DA:549,1
DA:550,2
DA:551,2
DA:553,2
DA:554,2
DA:556,1
DA:557,8
DA:558,8
DA:560,1
DA:561,2
DA:562,2
DA:564,1
DA:565,16
DA:566,16
DA:568,1
DA:569,505
DA:571,496
DA:572,496
DA:573,505
DA:574,314
DA:575,314
DA:576,505
DA:578,1
DA:579,1
DA:580,1
DA:582,1
DA:583,25
DA:584,25
DA:586,1
DA:587,1
DA:588,1
DA:589,1
LF:451
LH:446
BRDA:500,0,0,35
BRDA:501,1,0,155
BRDA:502,2,0,235
BRDA:89,3,0,0
BRDA:93,4,0,24
BRDA:95,5,0,11
BRDA:95,6,0,13
BRDA:96,7,0,23
BRDA:98,8,0,0
BRDA:100,9,0,252
BRDA:106,10,0,5
BRDA:110,11,0,1371
BRDA:112,12,0,855
BRDA:115,13,0,516
BRDA:116,14,0,1
BRDA:116,15,0,515
BRDA:120,16,0,855
BRDA:123,17,0,1
BRDA:123,18,0,1
BRDA:131,19,0,854
BRDA:117,20,0,2060
BRDA:134,21,0,6832
BRDA:142,22,0,11
BRDA:143,23,0,1
BRDA:143,24,0,10
BRDA:147,25,0,4
BRDA:148,26,0,79
BRDA:150,27,0,4
BRDA:151,28,0,0
BRDA:154,29,0,4563
BRDA:160,30,0,5
BRDA:162,31,0,3299
BRDA:163,32,0,2323
BRDA:163,33,0,3205
BRDA:163,34,0,2957
BRDA:163,35,0,976
BRDA:164,36,0,950
BRDA:164,37,0,2459
BRDA:164,38,0,26
BRDA:165,39,0,15
BRDA:165,40,0,2459
BRDA:165,41,0,15
BRDA:165,42,0,11
BRDA:166,43,0,11
BRDA:166,44,0,2459
BRDA:166,45,0,11
BRDA:166,46,0,0
BRDA:171,47,0,17
BRDA:176,48,0,10
BRDA:177,49,0,6
BRDA:177,50,0,4
BRDA:181,51,0,6
BRDA:184,52,0,2
BRDA:184,53,0,2
BRDA:189,54,0,4
BRDA:192,55,0,4
BRDA:197,56,0,0
BRDA:202,57,0,258
BRDA:205,58,0,96
BRDA:205,59,0,162
BRDA:214,60,0,24
BRDA:214,61,0,234
BRDA:215,62,0,24
BRDA:215,63,0,234
BRDA:216,64,0,24
BRDA:216,65,0,234
BRDA:229,66,0,1839
BRDA:231,67,0,1283
BRDA:236,68,0,19
BRDA:240,69,0,253
BRDA:244,70,0,20
BRDA:246,71,0,10
BRDA:246,72,0,10
BRDA:251,73,0,18
BRDA:256,74,0,14
BRDA:257,75,0,6
BRDA:257,76,0,8
BRDA:260,77,0,4
BRDA:263,78,0,0
BRDA:263,79,0,4
BRDA:264,80,0,4
BRDA:264,81,0,0
BRDA:270,82,0,24
BRDA:275,83,0,9
BRDA:275,84,0,15
BRDA:278,85,0,10
BRDA:278,86,0,5
BRDA:279,87,0,5
BRDA:279,88,0,10
BRDA:282,89,0,4
BRDA:282,90,0,11
BRDA:288,91,0,266
BRDA:289,92,0,261
BRDA:289,93,0,1
BRDA:289,94,0,265
BRDA:292,95,0,4
BRDA:292,96,0,2
BRDA:292,97,0,2
BRDA:293,98,0,169
BRDA:293,99,0,96
BRDA:295,100,0,265
BRDA:296,101,0,4
BRDA:296,102,0,261
BRDA:298,103,0,0
BRDA:299,104,0,261
BRDA:305,105,0,1715
BRDA:307,106,0,1712
BRDA:307,107,0,4
BRDA:307,108,0,1711
BRDA:308,109,0,791
BRDA:308,110,0,920
BRDA:308,111,0,447
BRDA:312,112,0,339
BRDA:314,113,0,0
BRDA:314,114,0,337
BRDA:318,115,0,11
BRDA:319,116,0,2
BRDA:320,117,0,1
BRDA:320,118,0,10
BRDA:323,119,0,52
BRDA:324,120,0,51
BRDA:325,121,0,1
BRDA:325,122,0,51
BRDA:327,123,0,9
BRDA:329,124,0,8
BRDA:329,125,0,1
BRDA:333,126,0,1216
BRDA:334,127,0,3
BRDA:334,128,0,1213
BRDA:335,129,0,24
BRDA:335,130,0,1189
BRDA:336,131,0,4
BRDA:336,132,0,1185
BRDA:338,133,0,839
BRDA:339,134,0,346
BRDA:343,135,0,839
BRDA:347,136,0,838
BRDA:348,137,0,719
BRDA:350,138,0,83
BRDA:350,139,0,756
BRDA:355,140,0,3274
BRDA:358,141,0,659
BRDA:358,142,0,2615
BRDA:361,143,0,1085
BRDA:362,144,0,1054
BRDA:362,145,0,764
BRDA:363,146,0,112
BRDA:363,147,0,973
BRDA:365,148,0,2189
BRDA:365,149,0,512
BRDA:365,150,0,257
BRDA:366,151,0,24
BRDA:366,152,0,233
BRDA:367,153,0,10
BRDA:367,154,0,256
BRDA:367,155,0,247
BRDA:369,156,0,131
BRDA:371,157,0,130
BRDA:374,158,0,3
BRDA:374,159,0,244
BRDA:377,160,0,75
BRDA:377,161,0,169
BRDA:379,162,0,1932
BRDA:380,163,0,1904
BRDA:380,164,0,35
BRDA:380,165,0,1897
BRDA:382,166,0,2870
BRDA:384,167,0,352
BRDA:384,168,0,2518
BRDA:386,169,0,352
BRDA:388,170,0,43
BRDA:388,171,0,309
BRDA:388,172,0,20
BRDA:388,173,0,332
BRDA:391,174,0,2656
BRDA:392,175,0,403
BRDA:392,176,0,2253
BRDA:392,177,0,1597
BRDA:392,178,0,656
BRDA:393,179,0,1597
BRDA:393,180,0,1059
BRDA:395,181,0,332
BRDA:372,182,0,14
BRDA:399,183,0,346
BRDA:400,184,0,339
BRDA:400,185,0,286
BRDA:400,186,0,172
BRDA:400,187,0,7
BRDA:401,188,0,5
BRDA:401,189,0,2
BRDA:405,190,0,278
BRDA:406,191,0,0
BRDA:409,192,0,270
BRDA:409,193,0,11
BRDA:409,194,0,267
BRDA:410,195,0,181
BRDA:410,196,0,1
BRDA:410,197,0,266
BRDA:417,198,0,1684
BRDA:419,199,0,1066
BRDA:419,200,0,640
BRDA:419,201,0,1044
BRDA:420,202,0,18
BRDA:420,203,0,1043
BRDA:420,204,0,1
BRDA:424,205,0,591
BRDA:425,206,0,0
BRDA:429,207,0,2287
BRDA:430,208,0,2
BRDA:430,209,0,2285
BRDA:432,210,0,574
BRDA:432,211,0,1711
BRDA:435,212,0,2259
BRDA:435,213,0,26
BRDA:437,214,0,17
BRDA:437,215,0,9
BRDA:438,216,0,6
BRDA:438,217,0,3
BRDA:438,218,0,0
BRDA:439,219,0,10
BRDA:439,220,0,0
BRDA:439,221,0,9
BRDA:441,222,0,2268
BRDA:443,223,0,572
BRDA:444,224,0,553
BRDA:444,225,0,5
BRDA:444,226,0,567
BRDA:446,227,0,1696
BRDA:448,228,0,567
BRDA:452,229,0,2
BRDA:453,230,0,12
BRDA:453,231,0,0
BRDA:454,232,0,3
BRDA:454,233,0,0
BRDA:455,234,0,550
BRDA:455,235,0,496
BRDA:455,236,0,54
BRDA:456,237,0,0
BRDA:460,238,0,213
BRDA:462,239,0,3838
BRDA:464,240,0,177
BRDA:464,241,0,149
BRDA:464,242,0,138
BRDA:465,243,0,35
BRDA:469,244,0,136
BRDA:473,245,0,65
BRDA:478,246,0,2553
BRDA:479,247,0,677
BRDA:479,248,0,1951
BRDA:479,249,0,1876
BRDA:480,250,0,1864
BRDA:480,251,0,25
BRDA:480,252,0,1851
BRDA:481,253,0,4124
BRDA:481,254,0,4
BRDA:481,255,0,1847
BRDA:485,256,0,520
BRDA:487,257,0,5893
BRDA:487,258,0,1537
BRDA:487,259,0,0
BRDA:491,260,0,155
BRDA:492,261,0,75
BRDA:492,262,0,80
BRDA:504,263,0,3917
BRDA:504,264,0,1816
BRDA:504,265,0,181
BRDA:504,266,0,3736
BRDA:522,267,0,3
BRDA:532,268,0,4
BRDA:534,269,0,1
BRDA:534,270,0,3
BRDA:536,271,0,2
BRDA:538,272,0,0
BRDA:538,273,0,1
BRDA:541,274,0,12
BRDA:545,275,0,2
BRDA:546,276,0,1
BRDA:550,277,0,0
BRDA:550,278,0,1
BRDA:556,279,0,8
BRDA:560,280,0,2
BRDA:564,281,0,16
BRDA:565,282,0,15
BRDA:568,283,0,505
BRDA:569,284,0,9
BRDA:569,285,0,496
BRDA:573,286,0,314
BRDA:580,287,0,3
BRDA:580,288,0,1
BRDA:580,289,0,2
BRDA:580,290,0,1
BRDA:580,291,0,1
BRDA:582,292,0,25
BRDA:586,293,0,1
BRDA:588,294,0,0
BRF:295
BRH:275
end_of_record
TN:
SF:src/main/ts/index.ts
FNF:0
FNH:0
DA:1,1
DA:2,1
DA:4,1
DA:5,1
DA:28,1
DA:29,1
LF:6
LH:6
BRF:0
BRH:0
end_of_record
TN:
SF:src/main/ts/native.ts
FN:16,addresses
FN:22,check
FN:46,address
FNF:3
FNH:3
FNDA:11,addresses
FNDA:2,check
FNDA:9,address
DA:1,1
DA:2,1
DA:4,1
DA:12,1
DA:13,1
DA:15,1
DA:16,1
DA:17,11
DA:18,11
DA:19,11
DA:20,11
DA:21,11
DA:22,8
DA:25,11
DA:26,6
DA:27,6
DA:28,6
DA:29,6
DA:30,6
DA:31,6
DA:34,5
DA:35,10
DA:36,20
DA:37,10
DA:38,4
DA:39,20
DA:40,10
DA:41,5
DA:43,11
DA:44,11
DA:46,1
DA:47,9
LF:32
LH:32
BRDA:16,0,0,11
BRDA:20,1,0,0
BRDA:21,2,0,3
BRDA:21,3,0,8
BRDA:25,4,0,9
BRDA:25,5,0,6
BRDA:25,6,0,6
BRDA:27,7,0,0
BRDA:29,8,0,0
BRDA:31,9,0,5
BRDA:43,10,0,4
BRDA:43,11,0,1
BRDA:22,12,0,2
BRDA:28,13,0,8
BRDA:34,14,0,10
BRDA:35,15,0,0
BRDA:35,16,0,20
BRDA:36,17,0,10
BRDA:37,18,0,6
BRDA:37,19,0,4
BRDA:46,20,0,9
BRF:21
BRH:17
end_of_record
TN:
SF:src/main/ts/polyfill.ts
FN:11,alloc
FN:22,slice
FN:30,toString
FN:42,getGlobal
FNF:4
FNH:4
FNDA:2,alloc
FNDA:1,slice
FNDA:3,toString
FNDA:6,getGlobal
DA:10,1
DA:11,1
DA:12,2
DA:13,2
DA:15,1
DA:16,1
DA:17,1
DA:19,1
DA:21,1
DA:22,1
DA:23,1
DA:25,1
DA:26,1
DA:27,1
DA:28,1
DA:29,1
DA:30,1
DA:31,3
DA:32,3
DA:34,2
DA:35,2
DA:36,2
DA:37,3
DA:38,1
DA:39,2
DA:40,1
DA:42,1
DA:43,6
DA:44,0
DA:45,0
DA:46,0
DA:47,0
DA:49,1
LF:33
LH:29
BRDA:49,0,0,0
BRDA:11,1,0,2
BRDA:13,2,0,1
BRDA:22,3,0,1
BRDA:30,4,0,3
BRDA:32,5,0,1
BRDA:32,6,0,2
BRDA:35,7,0,6
BRDA:42,8,0,6
BRDA:43,9,0,0
BRF:10
BRH:8
end_of_record
