TN:
SF:src/main/ts/core.ts
FN:89,<instance_members_initializer>
FN:93,toBuffer
FN:106,toArray
FN:110,toString
FN:142,toLong
FN:147,get range
FN:154,create
FN:160,from
FN:169,mask
FN:200,subnet
FN:227,contains
FN:234,cidr
FN:238,cidrSubnet
FN:242,not
FN:249,or
FN:268,isEqual
FN:286,<static_initializer>
FN:286,fromPrefixLen
FN:303,fromNumber
FN:310,fromLong
FN:316,fromBuffer
FN:331,fromString
FN:341,fromIPv6
FN:396,fromIPv4
FN:402,parseCidr
FN:414,normalizeFamily
FN:421,normalizeToLong
FN:457,isSpecial
FN:466,isPrivate
FN:470,isPublic
FN:475,isDec
FN:482,isIPv4Candidate
FN:488,ipv6fySubnet
FN:519,fromPrefixLen
FN:529,subnet
FN:533,cidrSubnet
FN:538,toBuffer
FN:542,toString
FN:553,toLong
FN:557,fromLong
FN:561,isV4Format
FN:565,isV6Format
FN:577,isIP
FN:579,isLoopback
FN:583,loopback
FNF:45
FNH:44
FNDA:0,<instance_members_initializer>
FNDA:24,toBuffer
FNDA:5,toArray
FNDA:1136,toString
FNDA:11,toLong
FNDA:4,get range
FNDA:4013,create
FNDA:2722,from
FNDA:17,mask
FNDA:211,subnet
FNDA:1839,contains
FNDA:19,cidr
FNDA:206,cidrSubnet
FNDA:20,not
FNDA:18,or
FNDA:24,isEqual
FNDA:4,<static_initializer>
FNDA:219,fromPrefixLen
FNDA:1464,fromNumber
FNDA:323,fromLong
FNDA:11,fromBuffer
FNDA:686,fromString
FNDA:327,fromIPv6
FNDA:330,fromIPv4
FNDA:231,parseCidr
FNDA:1402,normalizeFamily
FNDA:443,normalizeToLong
FNDA:213,isSpecial
FNDA:136,isPrivate
FNDA:65,isPublic
FNDA:1957,isDec
FNDA:472,isIPv4Candidate
FNDA:124,ipv6fySubnet
FNDA:3,fromPrefixLen
FNDA:4,subnet
FNDA:2,cidrSubnet
FNDA:12,toBuffer
FNDA:2,toString
FNDA:8,toLong
FNDA:2,fromLong
FNDA:16,isV4Format
FNDA:16,isV6Format
FNDA:3,isIP
FNDA:25,isLoopback
FNDA:1,loopback
DA:1,1
DA:5,1
DA:6,1
DA:7,1
DA:8,1
DA:9,1
DA:10,1
DA:11,1
DA:13,1
DA:14,1
DA:15,1
DA:19,1
DA:20,1
DA:21,1
DA:22,1
DA:23,1
DA:24,1
DA:25,1
DA:26,1
DA:27,1
DA:28,1
DA:29,1
DA:30,1
DA:31,1
DA:32,1
DA:33,1
DA:34,1
DA:35,1
DA:36,1
DA:37,1
DA:38,1
DA:39,1
DA:40,1
DA:41,1
DA:42,1
DA:43,1
DA:44,1
DA:45,1
DA:46,1
DA:47,1
DA:48,1
DA:49,1
DA:50,1
DA:51,1
DA:52,1
DA:53,1
DA:54,1
DA:55,1
DA:56,1
DA:57,1
DA:58,1
DA:59,1
DA:60,1
DA:61,1
DA:62,1
DA:63,1
DA:64,1
DA:65,1
DA:66,1
DA:88,1
DA:89,1
DA:90,0
DA:91,0
DA:93,1
DA:94,24
DA:95,24
DA:96,24
DA:98,24
DA:100,24
DA:101,252
DA:102,252
DA:103,24
DA:104,24
DA:106,1
DA:107,5
DA:108,5
DA:110,1
DA:111,1136
DA:112,1136
DA:113,1136
DA:115,1136
DA:116,436
DA:117,435
DA:118,1740
DA:119,435
DA:120,435
DA:123,1136
DA:124,1
DA:125,1
DA:126,1
DA:127,1
DA:128,1
DA:129,1
DA:130,1
DA:131,1
DA:134,699
DA:135,5592
DA:136,699
DA:137,699
DA:138,699
DA:139,699
DA:140,1136
DA:142,1
DA:143,11
DA:144,10
DA:145,11
DA:147,1
DA:148,4
DA:149,79
DA:150,79
DA:151,79
DA:152,4
DA:154,1
DA:155,4013
DA:156,4013
DA:157,4013
DA:158,4013
DA:160,1
DA:161,2722
DA:162,2474
DA:163,2722
DA:164,2722
DA:166,0
DA:167,2722
DA:169,1
DA:170,17
DA:171,17
DA:174,17
DA:175,10
DA:176,10
DA:177,10
DA:178,10
DA:179,10
DA:182,17
DA:183,2
DA:184,2
DA:185,2
DA:186,2
DA:187,2
DA:190,17
DA:191,4
DA:192,4
DA:193,4
DA:194,4
DA:195,4
DA:197,0
DA:198,17
DA:200,1
DA:201,211
DA:202,211
DA:203,211
DA:205,211
DA:206,211
DA:207,211
DA:208,211
DA:209,211
DA:211,211
DA:212,211
DA:213,211
DA:214,211
DA:215,211
DA:217,211
DA:218,211
DA:219,211
DA:220,211
DA:221,211
DA:222,211
DA:223,211
DA:224,211
DA:225,211
DA:226,211
DA:227,211
DA:228,1839
DA:229,1839
DA:230,1839
DA:231,211
DA:232,211
DA:234,1
DA:235,19
DA:236,19
DA:238,1
DA:239,206
DA:240,206
DA:242,1
DA:243,20
DA:244,20
DA:245,20
DA:246,20
DA:247,20
DA:249,1
DA:250,18
DA:251,18
DA:254,18
DA:255,14
DA:256,14
DA:257,14
DA:258,14
DA:261,18
DA:262,18
DA:264,18
DA:265,18
DA:266,18
DA:268,1
DA:269,24
DA:270,24
DA:273,24
DA:276,24
DA:277,24
DA:280,24
DA:283,11
DA:284,24
DA:286,1
DA:287,219
DA:289,218
DA:290,219
DA:291,219
DA:293,219
DA:294,219
DA:296,214
DA:297,0
DA:298,214
DA:300,219
DA:301,219
DA:303,4
DA:304,1464
DA:305,1464
DA:306,1464
DA:307,1464
DA:308,1464
DA:310,4
DA:311,323
DA:312,323
DA:313,321
DA:314,323
DA:316,4
DA:317,11
DA:318,11
DA:320,10
DA:321,11
DA:322,52
DA:323,52
DA:324,51
DA:325,51
DA:327,11
DA:328,11
DA:329,11
DA:331,4
DA:332,686
DA:333,686
DA:334,686
DA:336,657
DA:337,327
DA:338,330
DA:339,686
DA:341,4
DA:342,327
DA:343,327
DA:344,327
DA:345,327
DA:346,327
DA:348,327
DA:350,321
DA:351,321
DA:353,327
DA:354,1299
DA:355,1299
DA:356,1299
DA:357,1299
DA:359,1299
DA:360,553
DA:361,553
DA:362,549
DA:363,1299
DA:365,116
DA:366,116
DA:367,115
DA:368,115
DA:369,115
DA:370,114
DA:371,116
DA:373,112
DA:374,116
DA:375,108
DA:376,746
DA:377,630
DA:378,625
DA:379,625
DA:381,1174
DA:382,978
DA:383,978
DA:384,196
DA:385,327
DA:387,190
DA:388,327
DA:389,1520
DA:390,1520
DA:391,1520
DA:392,1520
DA:393,190
DA:394,327
DA:396,4
DA:397,330
DA:398,172
DA:399,2
DA:400,330
DA:402,4
DA:403,231
DA:404,231
DA:405,231
DA:406,231
DA:407,231
DA:409,219
DA:410,219
DA:411,219
DA:412,231
DA:414,1
DA:415,1402
DA:416,1402
DA:417,1402
DA:418,1
DA:419,1402
DA:421,1
DA:422,443
DA:423,443
DA:424,443
DA:426,443
DA:427,1737
DA:428,1736
DA:429,1737
DA:431,1737
DA:432,1737
DA:433,10
DA:434,10
DA:435,10
DA:436,10
DA:437,9
DA:438,9
DA:440,1737
DA:441,441
DA:442,440
DA:443,440
DA:444,1294
DA:445,1294
DA:447,440
DA:448,440
DA:449,443
DA:450,443
DA:451,443
DA:452,443
DA:453,443
DA:454,443
DA:455,443
DA:457,1
DA:458,213
DA:459,213
DA:460,3838
DA:461,3838
DA:462,3838
DA:463,35
DA:464,213
DA:466,1
DA:467,136
DA:468,136
DA:470,1
DA:471,65
DA:472,65
DA:473,1
DA:475,1
DA:476,1957
DA:477,1957
DA:478,1957
DA:479,1342
DA:480,1342
DA:482,1
DA:483,472
DA:484,472
DA:485,472
DA:486,472
DA:488,1
DA:489,124
DA:491,64
DA:492,64
DA:493,64
DA:494,64
DA:496,1
DA:497,1
DA:498,28
DA:499,124
DA:500,188
DA:501,188
DA:502,188
DA:503,124
DA:504,28
DA:510,1
DA:511,1
DA:512,1
DA:513,1
DA:514,1
DA:515,1
DA:516,1
DA:517,1
DA:519,1
DA:520,3
DA:521,3
DA:529,1
DA:530,4
DA:531,4
DA:532,4
DA:533,1
DA:534,2
DA:535,2
DA:536,2
DA:538,1
DA:539,12
DA:540,12
DA:542,1
DA:543,2
DA:545,1
DA:546,1
DA:547,2
DA:548,2
DA:550,2
DA:551,2
DA:553,1
DA:554,8
DA:555,8
DA:557,1
DA:558,2
DA:559,2
DA:561,1
DA:562,16
DA:563,16
DA:565,1
DA:566,16
DA:568,13
DA:569,13
DA:570,16
DA:571,5
DA:572,5
DA:573,16
DA:575,1
DA:576,1
DA:577,1
DA:579,1
DA:580,25
DA:581,25
DA:583,1
DA:584,1
DA:585,1
DA:586,1
LF:450
LH:445
BRDA:497,0,0,28
BRDA:498,1,0,124
BRDA:499,2,0,188
BRDA:93,3,0,24
BRDA:95,4,0,11
BRDA:95,5,0,13
BRDA:96,6,0,23
BRDA:98,7,0,0
BRDA:100,8,0,252
BRDA:106,9,0,5
BRDA:110,10,0,1136
BRDA:112,11,0,700
BRDA:115,12,0,436
BRDA:116,13,0,1
BRDA:116,14,0,435
BRDA:120,15,0,700
BRDA:123,16,0,1
BRDA:123,17,0,1
BRDA:131,18,0,699
BRDA:117,19,0,1740
BRDA:134,20,0,5592
BRDA:142,21,0,11
BRDA:143,22,0,1
BRDA:143,23,0,10
BRDA:147,24,0,4
BRDA:148,25,0,79
BRDA:150,26,0,4
BRDA:151,27,0,0
BRDA:154,28,0,4013
BRDA:160,29,0,2722
BRDA:161,30,0,2229
BRDA:161,31,0,2628
BRDA:161,32,0,2474
BRDA:161,33,0,493
BRDA:162,34,0,467
BRDA:162,35,0,2459
BRDA:162,36,0,26
BRDA:163,37,0,15
BRDA:163,38,0,2459
BRDA:163,39,0,15
BRDA:163,40,0,11
BRDA:164,41,0,11
BRDA:164,42,0,2459
BRDA:164,43,0,11
BRDA:164,44,0,0
BRDA:169,45,0,17
BRDA:174,46,0,10
BRDA:175,47,0,6
BRDA:175,48,0,4
BRDA:179,49,0,6
BRDA:182,50,0,2
BRDA:182,51,0,2
BRDA:187,52,0,4
BRDA:190,53,0,4
BRDA:195,54,0,0
BRDA:200,55,0,211
BRDA:203,56,0,80
BRDA:203,57,0,131
BRDA:212,58,0,20
BRDA:212,59,0,191
BRDA:213,60,0,20
BRDA:213,61,0,191
BRDA:214,62,0,20
BRDA:214,63,0,191
BRDA:227,64,0,1839
BRDA:229,65,0,1283
BRDA:234,66,0,19
BRDA:238,67,0,206
BRDA:242,68,0,20
BRDA:244,69,0,10
BRDA:244,70,0,10
BRDA:249,71,0,18
BRDA:254,72,0,14
BRDA:255,73,0,6
BRDA:255,74,0,8
BRDA:258,75,0,4
BRDA:261,76,0,0
BRDA:261,77,0,4
BRDA:262,78,0,4
BRDA:262,79,0,0
BRDA:268,80,0,24
BRDA:273,81,0,9
BRDA:273,82,0,15
BRDA:276,83,0,10
BRDA:276,84,0,5
BRDA:277,85,0,5
BRDA:277,86,0,10
BRDA:280,87,0,4
BRDA:280,88,0,11
BRDA:286,89,0,4
BRDA:286,90,0,219
BRDA:287,91,0,214
BRDA:287,92,0,1
BRDA:287,93,0,218
BRDA:290,94,0,4
BRDA:290,95,0,2
BRDA:290,96,0,2
BRDA:291,97,0,138
BRDA:291,98,0,80
BRDA:293,99,0,218
BRDA:294,100,0,4
BRDA:294,101,0,214
BRDA:296,102,0,0
BRDA:297,103,0,214
BRDA:303,104,0,1464
BRDA:305,105,0,1461
BRDA:305,106,0,4
BRDA:305,107,0,1460
BRDA:306,108,0,644
BRDA:306,109,0,816
BRDA:306,110,0,415
BRDA:310,111,0,323
BRDA:312,112,0,0
BRDA:312,113,0,321
BRDA:316,114,0,11
BRDA:317,115,0,2
BRDA:318,116,0,1
BRDA:318,117,0,10
BRDA:321,118,0,52
BRDA:322,119,0,51
BRDA:323,120,0,1
BRDA:323,121,0,51
BRDA:325,122,0,9
BRDA:327,123,0,8
BRDA:327,124,0,1
BRDA:331,125,0,686
BRDA:332,126,0,3
BRDA:332,127,0,683
BRDA:333,128,0,22
BRDA:333,129,0,661
BRDA:334,130,0,4
BRDA:334,131,0,657
BRDA:336,132,0,327
BRDA:337,133,0,330
BRDA:341,134,0,327
BRDA:346,135,0,307
BRDA:348,136,0,6
BRDA:348,137,0,321
BRDA:353,138,0,1299
BRDA:356,139,0,316
BRDA:356,140,0,983
BRDA:359,141,0,553
BRDA:360,142,0,550
BRDA:360,143,0,361
BRDA:361,144,0,4
BRDA:361,145,0,549
BRDA:363,146,0,746
BRDA:363,147,0,252
BRDA:363,148,0,116
BRDA:366,149,0,115
BRDA:367,150,0,115
BRDA:368,151,0,3
BRDA:368,152,0,115
BRDA:369,153,0,114
BRDA:371,154,0,4
BRDA:371,155,0,112
BRDA:374,156,0,4
BRDA:374,157,0,108
BRDA:376,158,0,630
BRDA:377,159,0,627
BRDA:377,160,0,5
BRDA:377,161,0,625
BRDA:379,162,0,1174
BRDA:381,163,0,196
BRDA:381,164,0,978
BRDA:383,165,0,196
BRDA:385,166,0,12
BRDA:385,167,0,184
BRDA:385,168,0,6
BRDA:385,169,0,190
BRDA:388,170,0,1520
BRDA:389,171,0,161
BRDA:389,172,0,1359
BRDA:389,173,0,1092
BRDA:389,174,0,267
BRDA:390,175,0,1092
BRDA:390,176,0,428
BRDA:392,177,0,190
BRDA:370,178,0,14
BRDA:396,179,0,330
BRDA:397,180,0,323
BRDA:397,181,0,286
BRDA:397,182,0,172
BRDA:397,183,0,7
BRDA:398,184,0,5
BRDA:398,185,0,2
BRDA:402,186,0,231
BRDA:403,187,0,0
BRDA:406,188,0,223
BRDA:406,189,0,11
BRDA:406,190,0,220
BRDA:407,191,0,149
BRDA:407,192,0,1
BRDA:407,193,0,219
BRDA:414,194,0,1402
BRDA:416,195,0,880
BRDA:416,196,0,544
BRDA:416,197,0,858
BRDA:417,198,0,18
BRDA:417,199,0,857
BRDA:417,200,0,1
BRDA:421,201,0,443
BRDA:422,202,0,0
BRDA:426,203,0,1737
BRDA:427,204,0,1
BRDA:427,205,0,1736
BRDA:429,206,0,441
BRDA:429,207,0,1295
BRDA:432,208,0,1726
BRDA:432,209,0,10
BRDA:434,210,0,1
BRDA:434,211,0,9
BRDA:435,212,0,6
BRDA:435,213,0,3
BRDA:435,214,0,0
BRDA:436,215,0,0
BRDA:436,216,0,9
BRDA:438,217,0,1735
BRDA:440,218,0,441
BRDA:441,219,0,422
BRDA:441,220,0,1
BRDA:441,221,0,440
BRDA:443,222,0,1294
BRDA:445,223,0,440
BRDA:449,224,0,2
BRDA:450,225,0,12
BRDA:450,226,0,0
BRDA:451,227,0,3
BRDA:451,228,0,0
BRDA:452,229,0,423
BRDA:452,230,0,419
BRDA:452,231,0,4
BRDA:453,232,0,0
BRDA:457,233,0,213
BRDA:459,234,0,3838
BRDA:461,235,0,177
BRDA:461,236,0,149
BRDA:461,237,0,138
BRDA:462,238,0,35
BRDA:466,239,0,136
BRDA:470,240,0,65
BRDA:475,241,0,1957
BRDA:476,242,0,602
BRDA:476,243,0,1355
BRDA:477,244,0,10
BRDA:477,245,0,1345
BRDA:478,246,0,3072
BRDA:478,247,0,3
BRDA:478,248,0,1342
BRDA:482,249,0,472
BRDA:484,250,0,5306
BRDA:484,251,0,1393
BRDA:484,252,0,0
BRDA:488,253,0,124
BRDA:489,254,0,60
BRDA:489,255,0,64
BRDA:501,256,0,3917
BRDA:501,257,0,1816
BRDA:501,258,0,181
BRDA:501,259,0,3736
BRDA:519,260,0,3
BRDA:529,261,0,4
BRDA:531,262,0,1
BRDA:531,263,0,3
BRDA:533,264,0,2
BRDA:535,265,0,0
BRDA:535,266,0,1
BRDA:538,267,0,12
BRDA:542,268,0,2
BRDA:543,269,0,1
BRDA:547,270,0,0
BRDA:547,271,0,1
BRDA:553,272,0,8
BRDA:557,273,0,2
BRDA:561,274,0,16
BRDA:562,275,0,15
BRDA:565,276,0,16
BRDA:566,277,0,3
BRDA:566,278,0,13
BRDA:570,279,0,5
BRDA:577,280,0,3
BRDA:577,281,0,1
BRDA:577,282,0,2
BRDA:577,283,0,1
BRDA:577,284,0,1
BRDA:579,285,0,25
BRDA:583,286,0,1
BRDA:585,287,0,0
BRF:288
BRH:269
end_of_record
TN:
SF:src/main/ts/index.ts
FNF:0
FNH:0
DA:1,1
DA:2,1
DA:4,1
DA:5,1
DA:28,1
DA:29,1
LF:6
LH:6
BRF:0
BRH:0
end_of_record
TN:
SF:src/main/ts/native.ts
FN:16,addresses
FN:22,check
FN:45,address
FNF:3
FNH:3
FNDA:11,addresses
FNDA:2,check
FNDA:9,address
DA:1,1
DA:2,1
DA:4,1
DA:12,1
DA:13,1
DA:15,1
DA:16,1
DA:17,11
DA:18,11
DA:19,11
DA:20,11
DA:21,11
DA:22,8
DA:25,11
DA:26,6
DA:27,6
DA:28,6
DA:29,6
DA:30,6
DA:33,5
DA:34,10
DA:35,20
DA:36,10
DA:37,4
DA:38,20
DA:39,10
DA:40,5
DA:42,11
DA:43,11
DA:45,1
DA:46,9
LF:31
LH:31
BRDA:16,0,0,11
BRDA:20,1,0,0
BRDA:21,2,0,3
BRDA:21,3,0,8
BRDA:25,4,0,9
BRDA:25,5,0,6
BRDA:25,6,0,6
BRDA:27,7,0,0
BRDA:30,8,0,5
BRDA:42,9,0,4
BRDA:42,10,0,1
BRDA:22,11,0,2
BRDA:28,12,0,8
BRDA:33,13,0,10
BRDA:34,14,0,0
BRDA:34,15,0,20
BRDA:35,16,0,10
BRDA:36,17,0,6
BRDA:36,18,0,4
BRDA:45,19,0,9
BRF:20
BRH:17
end_of_record
TN:
SF:src/main/ts/polyfill.ts
FN:11,alloc
FN:22,slice
FN:30,toString
FN:42,getGlobal
FNF:4
FNH:4
FNDA:2,alloc
FNDA:1,slice
FNDA:3,toString
FNDA:5,getGlobal
DA:10,1
DA:11,1
DA:12,2
DA:13,2
DA:15,1
DA:16,1
DA:17,1
DA:19,1
DA:21,1
DA:22,1
DA:23,1
DA:25,1
DA:26,1
DA:27,1
DA:28,1
DA:29,1
DA:30,1
DA:31,3
DA:32,3
DA:34,2
DA:35,2
DA:36,2
DA:37,3
DA:38,1
DA:39,2
DA:40,1
DA:42,1
DA:43,5
DA:44,0
DA:45,0
DA:46,0
DA:47,0
DA:49,1
LF:33
LH:29
BRDA:49,0,0,0
BRDA:11,1,0,2
BRDA:13,2,0,1
BRDA:22,3,0,1
BRDA:30,4,0,3
BRDA:32,5,0,1
BRDA:32,6,0,2
BRDA:35,7,0,6
BRDA:42,8,0,5
BRDA:43,9,0,0
BRF:10
BRH:8
end_of_record
