TN:
SF:src/main/ts/address.ts
FN:8,addresses
FN:14,check
FN:37,address
FNF:3
FNH:3
FNDA:11,addresses
FNDA:2,check
FNDA:9,address
DA:1,1
DA:2,1
DA:4,1
DA:5,1
DA:7,1
DA:8,1
DA:9,11
DA:10,11
DA:11,11
DA:12,11
DA:13,11
DA:14,8
DA:17,11
DA:18,6
DA:19,6
DA:20,6
DA:21,6
DA:22,6
DA:25,5
DA:26,10
DA:27,20
DA:28,10
DA:29,4
DA:30,20
DA:31,10
DA:32,5
DA:34,11
DA:35,11
DA:37,1
DA:38,9
LF:30
LH:30
BRDA:8,0,0,11
BRDA:12,1,0,0
BRDA:13,2,0,3
BRDA:13,3,0,8
BRDA:17,4,0,9
BRDA:17,5,0,6
BRDA:17,6,0,6
BRDA:19,7,0,0
BRDA:22,8,0,5
BRDA:34,9,0,4
BRDA:34,10,0,1
BRDA:14,11,0,2
BRDA:20,12,0,8
BRDA:25,13,0,10
BRDA:26,14,0,0
BRDA:26,15,0,20
BRDA:27,16,0,10
BRDA:28,17,0,6
BRDA:28,18,0,4
BRDA:37,19,0,9
BRF:20
BRH:17
end_of_record
TN:
SF:src/main/ts/core.ts
FN:87,<instance_members_initializer>
FN:91,toBuffer
FN:104,toArray
FN:108,toString
FN:140,toLong
FN:145,get range
FN:152,create
FN:158,from
FN:167,mask
FN:198,subnet
FN:225,contains
FN:232,cidr
FN:236,cidrSubnet
FN:240,not
FN:247,or
FN:266,isEqual
FN:284,<static_initializer>
FN:284,fromPrefixLen
FN:301,fromNumber
FN:308,fromLong
FN:314,fromBuffer
FN:329,fromString
FN:339,fromIPv6
FN:394,fromIPv4
FN:400,parseCidr
FN:412,normalizeFamily
FN:419,normalizeToLong
FN:455,isSpecial
FN:464,isPrivate
FN:468,isPublic
FN:473,isDec
FN:480,isIPv4Candidate
FN:486,ipv6fySubnet
FN:517,fromPrefixLen
FN:527,subnet
FN:531,cidrSubnet
FN:536,toBuffer
FN:540,toString
FN:551,toLong
FN:555,fromLong
FN:559,isV4Format
FN:563,isV6Format
FN:575,isIP
FN:577,isLoopback
FN:581,loopback
FNF:45
FNH:44
FNDA:0,<instance_members_initializer>
FNDA:24,toBuffer
FNDA:5,toArray
FNDA:1136,toString
FNDA:11,toLong
FNDA:4,get range
FNDA:4013,create
FNDA:2722,from
FNDA:17,mask
FNDA:211,subnet
FNDA:1839,contains
FNDA:19,cidr
FNDA:206,cidrSubnet
FNDA:20,not
FNDA:18,or
FNDA:24,isEqual
FNDA:4,<static_initializer>
FNDA:219,fromPrefixLen
FNDA:1464,fromNumber
FNDA:323,fromLong
FNDA:11,fromBuffer
FNDA:686,fromString
FNDA:327,fromIPv6
FNDA:330,fromIPv4
FNDA:231,parseCidr
FNDA:1402,normalizeFamily
FNDA:453,normalizeToLong
FNDA:213,isSpecial
FNDA:136,isPrivate
FNDA:65,isPublic
FNDA:1987,isDec
FNDA:488,isIPv4Candidate
FNDA:124,ipv6fySubnet
FNDA:3,fromPrefixLen
FNDA:4,subnet
FNDA:2,cidrSubnet
FNDA:12,toBuffer
FNDA:2,toString
FNDA:8,toLong
FNDA:2,fromLong
FNDA:16,isV4Format
FNDA:16,isV6Format
FNDA:3,isIP
FNDA:25,isLoopback
FNDA:1,loopback
DA:1,1
DA:5,1
DA:6,1
DA:7,1
DA:8,1
DA:9,1
DA:10,1
DA:12,1
DA:13,1
DA:14,1
DA:18,1
DA:19,1
DA:20,1
DA:21,1
DA:22,1
DA:23,1
DA:24,1
DA:25,1
DA:26,1
DA:27,1
DA:28,1
DA:29,1
DA:30,1
DA:31,1
DA:32,1
DA:33,1
DA:34,1
DA:35,1
DA:36,1
DA:37,1
DA:38,1
DA:39,1
DA:40,1
DA:41,1
DA:42,1
DA:43,1
DA:44,1
DA:45,1
DA:46,1
DA:47,1
DA:48,1
DA:49,1
DA:50,1
DA:51,1
DA:52,1
DA:53,1
DA:54,1
DA:55,1
DA:56,1
DA:57,1
DA:58,1
DA:59,1
DA:60,1
DA:61,1
DA:62,1
DA:63,1
DA:64,1
DA:65,1
DA:86,1
DA:87,1
DA:88,0
DA:89,0
DA:91,1
DA:92,24
DA:93,24
DA:94,24
DA:96,24
DA:98,24
DA:99,252
DA:100,252
DA:101,24
DA:102,24
DA:104,1
DA:105,5
DA:106,5
DA:108,1
DA:109,1136
DA:110,1136
DA:111,1136
DA:113,1136
DA:114,436
DA:115,435
DA:116,1740
DA:117,435
DA:118,435
DA:121,1136
DA:122,1
DA:123,1
DA:124,1
DA:125,1
DA:126,1
DA:127,1
DA:128,1
DA:129,1
DA:132,699
DA:133,5592
DA:134,699
DA:135,699
DA:136,699
DA:137,699
DA:138,1136
DA:140,1
DA:141,11
DA:142,10
DA:143,11
DA:145,1
DA:146,4
DA:147,79
DA:148,79
DA:149,79
DA:150,4
DA:152,1
DA:153,4013
DA:154,4013
DA:155,4013
DA:156,4013
DA:158,1
DA:159,2722
DA:160,2474
DA:161,2722
DA:162,2722
DA:164,0
DA:165,2722
DA:167,1
DA:168,17
DA:169,17
DA:172,17
DA:173,10
DA:174,10
DA:175,10
DA:176,10
DA:177,10
DA:180,17
DA:181,2
DA:182,2
DA:183,2
DA:184,2
DA:185,2
DA:188,17
DA:189,4
DA:190,4
DA:191,4
DA:192,4
DA:193,4
DA:195,0
DA:196,17
DA:198,1
DA:199,211
DA:200,211
DA:201,211
DA:203,211
DA:204,211
DA:205,211
DA:206,211
DA:207,211
DA:209,211
DA:210,211
DA:211,211
DA:212,211
DA:213,211
DA:215,211
DA:216,211
DA:217,211
DA:218,211
DA:219,211
DA:220,211
DA:221,211
DA:222,211
DA:223,211
DA:224,211
DA:225,211
DA:226,1839
DA:227,1839
DA:228,1839
DA:229,211
DA:230,211
DA:232,1
DA:233,19
DA:234,19
DA:236,1
DA:237,206
DA:238,206
DA:240,1
DA:241,20
DA:242,20
DA:243,20
DA:244,20
DA:245,20
DA:247,1
DA:248,18
DA:249,18
DA:252,18
DA:253,14
DA:254,14
DA:255,14
DA:256,14
DA:259,18
DA:260,18
DA:262,18
DA:263,18
DA:264,18
DA:266,1
DA:267,24
DA:268,24
DA:271,24
DA:274,24
DA:275,24
DA:278,24
DA:281,11
DA:282,24
DA:284,1
DA:285,219
DA:287,218
DA:288,219
DA:289,219
DA:291,219
DA:292,219
DA:294,214
DA:295,0
DA:296,214
DA:298,219
DA:299,219
DA:301,4
DA:302,1464
DA:303,1464
DA:304,1464
DA:305,1464
DA:306,1464
DA:308,4
DA:309,323
DA:310,323
DA:311,321
DA:312,323
DA:314,4
DA:315,11
DA:316,11
DA:318,10
DA:319,11
DA:320,52
DA:321,52
DA:322,51
DA:323,51
DA:325,11
DA:326,11
DA:327,11
DA:329,4
DA:330,686
DA:331,686
DA:332,686
DA:334,657
DA:335,327
DA:336,330
DA:337,686
DA:339,4
DA:340,327
DA:341,327
DA:342,327
DA:343,327
DA:344,327
DA:346,327
DA:348,321
DA:349,321
DA:351,327
DA:352,1299
DA:353,1299
DA:354,1299
DA:355,1299
DA:357,1299
DA:358,553
DA:359,553
DA:360,549
DA:361,1299
DA:363,116
DA:364,116
DA:365,115
DA:366,115
DA:367,115
DA:368,114
DA:369,116
DA:371,112
DA:372,116
DA:373,108
DA:374,746
DA:375,630
DA:376,625
DA:377,625
DA:379,1174
DA:380,978
DA:381,978
DA:382,196
DA:383,327
DA:385,190
DA:386,327
DA:387,1520
DA:388,1520
DA:389,1520
DA:390,1520
DA:391,190
DA:392,327
DA:394,4
DA:395,330
DA:396,172
DA:397,2
DA:398,330
DA:400,4
DA:401,231
DA:402,231
DA:403,231
DA:404,231
DA:405,231
DA:407,219
DA:408,219
DA:409,219
DA:410,231
DA:412,1
DA:413,1402
DA:414,1402
DA:415,1402
DA:416,1
DA:417,1402
DA:419,1
DA:420,453
DA:421,453
DA:422,453
DA:424,453
DA:425,1767
DA:426,1766
DA:427,1767
DA:429,1767
DA:430,1767
DA:431,14
DA:432,14
DA:433,14
DA:434,14
DA:435,9
DA:436,9
DA:438,1767
DA:439,447
DA:440,446
DA:441,446
DA:442,1314
DA:443,1314
DA:445,446
DA:446,446
DA:447,453
DA:448,453
DA:449,453
DA:450,453
DA:451,453
DA:452,453
DA:453,453
DA:455,1
DA:456,213
DA:457,213
DA:458,3838
DA:459,3838
DA:460,3838
DA:461,35
DA:462,213
DA:464,1
DA:465,136
DA:466,136
DA:468,1
DA:469,65
DA:470,65
DA:471,1
DA:473,1
DA:474,1987
DA:475,1987
DA:476,1987
DA:477,1366
DA:478,1366
DA:480,1
DA:481,488
DA:482,488
DA:483,488
DA:484,488
DA:486,1
DA:487,124
DA:489,64
DA:490,64
DA:491,64
DA:492,64
DA:494,1
DA:495,1
DA:496,28
DA:497,124
DA:498,188
DA:499,188
DA:500,188
DA:501,124
DA:502,28
DA:508,1
DA:509,1
DA:510,1
DA:511,1
DA:512,1
DA:513,1
DA:514,1
DA:515,1
DA:517,1
DA:518,3
DA:519,3
DA:527,1
DA:528,4
DA:529,4
DA:530,4
DA:531,1
DA:532,2
DA:533,2
DA:534,2
DA:536,1
DA:537,12
DA:538,12
DA:540,1
DA:541,2
DA:543,1
DA:544,1
DA:545,2
DA:546,2
DA:548,2
DA:549,2
DA:551,1
DA:552,8
DA:553,8
DA:555,1
DA:556,2
DA:557,2
DA:559,1
DA:560,16
DA:561,16
DA:563,1
DA:564,16
DA:566,13
DA:567,13
DA:568,16
DA:569,5
DA:570,5
DA:571,16
DA:573,1
DA:574,1
DA:575,1
DA:577,1
DA:578,25
DA:579,25
DA:581,1
DA:582,1
DA:583,1
DA:584,1
LF:449
LH:444
BRDA:495,0,0,28
BRDA:496,1,0,124
BRDA:497,2,0,188
BRDA:91,3,0,24
BRDA:93,4,0,11
BRDA:93,5,0,13
BRDA:94,6,0,23
BRDA:96,7,0,0
BRDA:98,8,0,252
BRDA:104,9,0,5
BRDA:108,10,0,1136
BRDA:110,11,0,700
BRDA:113,12,0,436
BRDA:114,13,0,1
BRDA:114,14,0,435
BRDA:118,15,0,700
BRDA:121,16,0,1
BRDA:121,17,0,1
BRDA:129,18,0,699
BRDA:115,19,0,1740
BRDA:132,20,0,5592
BRDA:140,21,0,11
BRDA:141,22,0,1
BRDA:141,23,0,10
BRDA:145,24,0,4
BRDA:146,25,0,79
BRDA:148,26,0,4
BRDA:149,27,0,0
BRDA:152,28,0,4013
BRDA:158,29,0,2722
BRDA:159,30,0,2229
BRDA:159,31,0,2628
BRDA:159,32,0,2474
BRDA:159,33,0,493
BRDA:160,34,0,467
BRDA:160,35,0,2459
BRDA:160,36,0,26
BRDA:161,37,0,15
BRDA:161,38,0,2459
BRDA:161,39,0,15
BRDA:161,40,0,11
BRDA:162,41,0,11
BRDA:162,42,0,2459
BRDA:162,43,0,11
BRDA:162,44,0,0
BRDA:167,45,0,17
BRDA:172,46,0,10
BRDA:173,47,0,6
BRDA:173,48,0,4
BRDA:177,49,0,6
BRDA:180,50,0,2
BRDA:180,51,0,2
BRDA:185,52,0,4
BRDA:188,53,0,4
BRDA:193,54,0,0
BRDA:198,55,0,211
BRDA:201,56,0,80
BRDA:201,57,0,131
BRDA:210,58,0,20
BRDA:210,59,0,191
BRDA:211,60,0,20
BRDA:211,61,0,191
BRDA:212,62,0,20
BRDA:212,63,0,191
BRDA:225,64,0,1839
BRDA:227,65,0,1283
BRDA:232,66,0,19
BRDA:236,67,0,206
BRDA:240,68,0,20
BRDA:242,69,0,10
BRDA:242,70,0,10
BRDA:247,71,0,18
BRDA:252,72,0,14
BRDA:253,73,0,6
BRDA:253,74,0,8
BRDA:256,75,0,4
BRDA:259,76,0,0
BRDA:259,77,0,4
BRDA:260,78,0,4
BRDA:260,79,0,0
BRDA:266,80,0,24
BRDA:271,81,0,9
BRDA:271,82,0,15
BRDA:274,83,0,10
BRDA:274,84,0,5
BRDA:275,85,0,5
BRDA:275,86,0,10
BRDA:278,87,0,4
BRDA:278,88,0,11
BRDA:284,89,0,4
BRDA:284,90,0,219
BRDA:285,91,0,214
BRDA:285,92,0,1
BRDA:285,93,0,218
BRDA:288,94,0,4
BRDA:288,95,0,2
BRDA:288,96,0,2
BRDA:289,97,0,138
BRDA:289,98,0,80
BRDA:291,99,0,218
BRDA:292,100,0,4
BRDA:292,101,0,214
BRDA:294,102,0,0
BRDA:295,103,0,214
BRDA:301,104,0,1464
BRDA:303,105,0,1461
BRDA:303,106,0,4
BRDA:303,107,0,1460
BRDA:304,108,0,644
BRDA:304,109,0,816
BRDA:304,110,0,415
BRDA:308,111,0,323
BRDA:310,112,0,0
BRDA:310,113,0,321
BRDA:314,114,0,11
BRDA:315,115,0,2
BRDA:316,116,0,1
BRDA:316,117,0,10
BRDA:319,118,0,52
BRDA:320,119,0,51
BRDA:321,120,0,1
BRDA:321,121,0,51
BRDA:323,122,0,9
BRDA:325,123,0,8
BRDA:325,124,0,1
BRDA:329,125,0,686
BRDA:330,126,0,3
BRDA:330,127,0,683
BRDA:331,128,0,22
BRDA:331,129,0,661
BRDA:332,130,0,4
BRDA:332,131,0,657
BRDA:334,132,0,327
BRDA:335,133,0,330
BRDA:339,134,0,327
BRDA:344,135,0,307
BRDA:346,136,0,6
BRDA:346,137,0,321
BRDA:351,138,0,1299
BRDA:354,139,0,316
BRDA:354,140,0,983
BRDA:357,141,0,553
BRDA:358,142,0,550
BRDA:358,143,0,361
BRDA:359,144,0,4
BRDA:359,145,0,549
BRDA:361,146,0,746
BRDA:361,147,0,252
BRDA:361,148,0,116
BRDA:364,149,0,115
BRDA:365,150,0,115
BRDA:366,151,0,3
BRDA:366,152,0,115
BRDA:367,153,0,114
BRDA:369,154,0,4
BRDA:369,155,0,112
BRDA:372,156,0,4
BRDA:372,157,0,108
BRDA:374,158,0,630
BRDA:375,159,0,627
BRDA:375,160,0,5
BRDA:375,161,0,625
BRDA:377,162,0,1174
BRDA:379,163,0,196
BRDA:379,164,0,978
BRDA:381,165,0,196
BRDA:383,166,0,12
BRDA:383,167,0,184
BRDA:383,168,0,6
BRDA:383,169,0,190
BRDA:386,170,0,1520
BRDA:387,171,0,161
BRDA:387,172,0,1359
BRDA:387,173,0,1092
BRDA:387,174,0,267
BRDA:388,175,0,1092
BRDA:388,176,0,428
BRDA:390,177,0,190
BRDA:368,178,0,14
BRDA:394,179,0,330
BRDA:395,180,0,323
BRDA:395,181,0,286
BRDA:395,182,0,172
BRDA:395,183,0,7
BRDA:396,184,0,5
BRDA:396,185,0,2
BRDA:400,186,0,231
BRDA:401,187,0,0
BRDA:404,188,0,223
BRDA:404,189,0,11
BRDA:404,190,0,220
BRDA:405,191,0,149
BRDA:405,192,0,1
BRDA:405,193,0,219
BRDA:412,194,0,1402
BRDA:414,195,0,880
BRDA:414,196,0,544
BRDA:414,197,0,858
BRDA:415,198,0,18
BRDA:415,199,0,857
BRDA:415,200,0,1
BRDA:419,201,0,453
BRDA:420,202,0,0
BRDA:424,203,0,1767
BRDA:425,204,0,1
BRDA:425,205,0,1766
BRDA:427,206,0,447
BRDA:427,207,0,1319
BRDA:430,208,0,1752
BRDA:430,209,0,14
BRDA:432,210,0,5
BRDA:432,211,0,13
BRDA:432,212,0,9
BRDA:433,213,0,6
BRDA:433,214,0,3
BRDA:433,215,0,0
BRDA:434,216,0,0
BRDA:434,217,0,9
BRDA:436,218,0,1761
BRDA:438,219,0,447
BRDA:439,220,0,428
BRDA:439,221,0,1
BRDA:439,222,0,446
BRDA:441,223,0,1314
BRDA:443,224,0,446
BRDA:447,225,0,2
BRDA:448,226,0,12
BRDA:448,227,0,0
BRDA:449,228,0,3
BRDA:449,229,0,0
BRDA:450,230,0,429
BRDA:450,231,0,424
BRDA:450,232,0,5
BRDA:451,233,0,0
BRDA:455,234,0,213
BRDA:457,235,0,3838
BRDA:459,236,0,177
BRDA:459,237,0,149
BRDA:459,238,0,138
BRDA:460,239,0,35
BRDA:464,240,0,136
BRDA:468,241,0,65
BRDA:473,242,0,1987
BRDA:474,243,0,604
BRDA:474,244,0,1383
BRDA:475,245,0,11
BRDA:475,246,0,1372
BRDA:476,247,0,3111
BRDA:476,248,0,3110
BRDA:476,249,0,6
BRDA:476,250,0,1366
BRDA:480,251,0,488
BRDA:482,252,0,5439
BRDA:482,253,0,1426
BRDA:482,254,0,0
BRDA:486,255,0,124
BRDA:487,256,0,60
BRDA:487,257,0,64
BRDA:499,258,0,3917
BRDA:499,259,0,1816
BRDA:499,260,0,181
BRDA:499,261,0,3736
BRDA:517,262,0,3
BRDA:527,263,0,4
BRDA:529,264,0,1
BRDA:529,265,0,3
BRDA:531,266,0,2
BRDA:533,267,0,0
BRDA:533,268,0,1
BRDA:536,269,0,12
BRDA:540,270,0,2
BRDA:541,271,0,1
BRDA:545,272,0,0
BRDA:545,273,0,1
BRDA:551,274,0,8
BRDA:555,275,0,2
BRDA:559,276,0,16
BRDA:560,277,0,10
BRDA:563,278,0,16
BRDA:564,279,0,3
BRDA:564,280,0,13
BRDA:568,281,0,5
BRDA:575,282,0,3
BRDA:575,283,0,2
BRDA:577,284,0,25
BRDA:581,285,0,1
BRDA:583,286,0,0
BRF:287
BRH:268
end_of_record
TN:
SF:src/main/ts/index.ts
FNF:0
FNH:0
DA:1,1
DA:2,1
DA:4,1
DA:5,1
DA:7,1
DA:8,1
LF:6
LH:6
BRF:0
BRH:0
end_of_record
TN:
SF:src/main/ts/polyfill.ts
FN:11,alloc
FN:22,slice
FN:30,toString
FN:42,getGlobal
FNF:4
FNH:4
FNDA:2,alloc
FNDA:1,slice
FNDA:3,toString
FNDA:5,getGlobal
DA:10,1
DA:11,1
DA:12,2
DA:13,2
DA:15,1
DA:16,1
DA:17,1
DA:19,1
DA:21,1
DA:22,1
DA:23,1
DA:25,1
DA:26,1
DA:27,1
DA:28,1
DA:29,1
DA:30,1
DA:31,3
DA:32,3
DA:34,2
DA:35,2
DA:36,2
DA:37,3
DA:38,1
DA:39,2
DA:40,1
DA:42,1
DA:43,5
DA:44,0
DA:45,0
DA:46,0
DA:47,0
DA:49,1
LF:33
LH:29
BRDA:49,0,0,0
BRDA:11,1,0,2
BRDA:13,2,0,1
BRDA:22,3,0,1
BRDA:30,4,0,3
BRDA:32,5,0,1
BRDA:32,6,0,2
BRDA:35,7,0,6
BRDA:42,8,0,5
BRDA:43,9,0,0
BRF:10
BRH:8
end_of_record
